C:\USERS\VAIO\DOCUMENTS\GITHUB\HIPSTER-COW\DEBUG\HIPSTER-COW.OBJ
C:\USERS\VAIO\DOCUMENTS\GITHUB\HIPSTER-COW\DEBUG\VC110.PDB
C:\USERS\VAIO\DOCUMENTS\GITHUB\HIPSTER-COW\DEBUG\REFERENCE_STR_TREE.OBJ
C:\USERS\VAIO\DOCUMENTS\GITHUB\HIPSTER-COW\DEBUG\HIPSTER-COW.ILK
C:\USERS\VAIO\DOCUMENTS\GITHUB\HIPSTER-COW\DEBUG\HIPSTER-COW.EXE
C:\USERS\VAIO\DOCUMENTS\GITHUB\HIPSTER-COW\DEBUG\HIPSTER-COW.PDB
C:\Users\vaio\Documents\GitHub\hipster-cow\Debug\hipster-cow.obj
C:\Users\vaio\Documents\GitHub\hipster-cow\Debug\reference_STR_tree.obj
C:\Users\vaio\Documents\GitHub\hipster-cow\Debug\hipster-cow.ilk
C:\Users\vaio\Documents\GitHub\hipster-cow\Debug\cl.command.1.tlog
C:\Users\vaio\Documents\GitHub\hipster-cow\Debug\CL.read.1.tlog
C:\Users\vaio\Documents\GitHub\hipster-cow\Debug\CL.write.1.tlog
C:\Users\vaio\Documents\GitHub\hipster-cow\Debug\link-cvtres.read.1.tlog
C:\Users\vaio\Documents\GitHub\hipster-cow\Debug\link-cvtres.write.1.tlog
C:\Users\vaio\Documents\GitHub\hipster-cow\Debug\link-rc.read.1.tlog
C:\Users\vaio\Documents\GitHub\hipster-cow\Debug\link-rc.write.1.tlog
C:\Users\vaio\Documents\GitHub\hipster-cow\Debug\link.11180-cvtres.read.1.tlog
C:\Users\vaio\Documents\GitHub\hipster-cow\Debug\link.11180-cvtres.write.1.tlog
C:\Users\vaio\Documents\GitHub\hipster-cow\Debug\link.11180-rc.read.1.tlog
C:\Users\vaio\Documents\GitHub\hipster-cow\Debug\link.11180-rc.write.1.tlog
C:\Users\vaio\Documents\GitHub\hipster-cow\Debug\link.11180.read.1.tlog
C:\Users\vaio\Documents\GitHub\hipster-cow\Debug\link.11180.write.1.tlog
C:\Users\vaio\Documents\GitHub\hipster-cow\Debug\link.11428-cvtres.read.1.tlog
C:\Users\vaio\Documents\GitHub\hipster-cow\Debug\link.11428-cvtres.write.1.tlog
C:\Users\vaio\Documents\GitHub\hipster-cow\Debug\link.11428-rc.read.1.tlog
C:\Users\vaio\Documents\GitHub\hipster-cow\Debug\link.11428-rc.write.1.tlog
C:\Users\vaio\Documents\GitHub\hipster-cow\Debug\link.11428.read.1.tlog
C:\Users\vaio\Documents\GitHub\hipster-cow\Debug\link.11428.write.1.tlog
C:\Users\vaio\Documents\GitHub\hipster-cow\Debug\link.11560-cvtres.read.1.tlog
C:\Users\vaio\Documents\GitHub\hipster-cow\Debug\link.11560-cvtres.write.1.tlog
C:\Users\vaio\Documents\GitHub\hipster-cow\Debug\link.11560-rc.read.1.tlog
C:\Users\vaio\Documents\GitHub\hipster-cow\Debug\link.11560-rc.write.1.tlog
C:\Users\vaio\Documents\GitHub\hipster-cow\Debug\link.11560.read.1.tlog
C:\Users\vaio\Documents\GitHub\hipster-cow\Debug\link.11560.write.1.tlog
C:\Users\vaio\Documents\GitHub\hipster-cow\Debug\link.13500-cvtres.read.1.tlog
C:\Users\vaio\Documents\GitHub\hipster-cow\Debug\link.13500-cvtres.write.1.tlog
C:\Users\vaio\Documents\GitHub\hipster-cow\Debug\link.13500-rc.read.1.tlog
C:\Users\vaio\Documents\GitHub\hipster-cow\Debug\link.13500-rc.write.1.tlog
C:\Users\vaio\Documents\GitHub\hipster-cow\Debug\link.13500.read.1.tlog
C:\Users\vaio\Documents\GitHub\hipster-cow\Debug\link.13500.write.1.tlog
C:\Users\vaio\Documents\GitHub\hipster-cow\Debug\link.14688-cvtres.read.1.tlog
C:\Users\vaio\Documents\GitHub\hipster-cow\Debug\link.14688-cvtres.write.1.tlog
C:\Users\vaio\Documents\GitHub\hipster-cow\Debug\link.14688-rc.read.1.tlog
C:\Users\vaio\Documents\GitHub\hipster-cow\Debug\link.14688-rc.write.1.tlog
C:\Users\vaio\Documents\GitHub\hipster-cow\Debug\link.14688.read.1.tlog
C:\Users\vaio\Documents\GitHub\hipster-cow\Debug\link.14688.write.1.tlog
C:\Users\vaio\Documents\GitHub\hipster-cow\Debug\link.17084-cvtres.read.1.tlog
C:\Users\vaio\Documents\GitHub\hipster-cow\Debug\link.17084-cvtres.write.1.tlog
C:\Users\vaio\Documents\GitHub\hipster-cow\Debug\link.17084-rc.read.1.tlog
C:\Users\vaio\Documents\GitHub\hipster-cow\Debug\link.17084-rc.write.1.tlog
C:\Users\vaio\Documents\GitHub\hipster-cow\Debug\link.17084.read.1.tlog
C:\Users\vaio\Documents\GitHub\hipster-cow\Debug\link.17084.write.1.tlog
C:\Users\vaio\Documents\GitHub\hipster-cow\Debug\link.17360-cvtres.read.1.tlog
C:\Users\vaio\Documents\GitHub\hipster-cow\Debug\link.17360-cvtres.write.1.tlog
C:\Users\vaio\Documents\GitHub\hipster-cow\Debug\link.17360-rc.read.1.tlog
C:\Users\vaio\Documents\GitHub\hipster-cow\Debug\link.17360-rc.write.1.tlog
C:\Users\vaio\Documents\GitHub\hipster-cow\Debug\link.17360.read.1.tlog
C:\Users\vaio\Documents\GitHub\hipster-cow\Debug\link.17360.write.1.tlog
C:\Users\vaio\Documents\GitHub\hipster-cow\Debug\link.5264-cvtres.read.1.tlog
C:\Users\vaio\Documents\GitHub\hipster-cow\Debug\link.5264-cvtres.write.1.tlog
C:\Users\vaio\Documents\GitHub\hipster-cow\Debug\link.5264-rc.read.1.tlog
C:\Users\vaio\Documents\GitHub\hipster-cow\Debug\link.5264-rc.write.1.tlog
C:\Users\vaio\Documents\GitHub\hipster-cow\Debug\link.5264.read.1.tlog
C:\Users\vaio\Documents\GitHub\hipster-cow\Debug\link.5264.write.1.tlog
C:\Users\vaio\Documents\GitHub\hipster-cow\Debug\link.6476-cvtres.read.1.tlog
C:\Users\vaio\Documents\GitHub\hipster-cow\Debug\link.6476-cvtres.write.1.tlog
C:\Users\vaio\Documents\GitHub\hipster-cow\Debug\link.6476-rc.read.1.tlog
C:\Users\vaio\Documents\GitHub\hipster-cow\Debug\link.6476-rc.write.1.tlog
C:\Users\vaio\Documents\GitHub\hipster-cow\Debug\link.6476.read.1.tlog
C:\Users\vaio\Documents\GitHub\hipster-cow\Debug\link.6476.write.1.tlog
C:\Users\vaio\Documents\GitHub\hipster-cow\Debug\link.6496-cvtres.read.1.tlog
C:\Users\vaio\Documents\GitHub\hipster-cow\Debug\link.6496-cvtres.write.1.tlog
C:\Users\vaio\Documents\GitHub\hipster-cow\Debug\link.6496-rc.read.1.tlog
C:\Users\vaio\Documents\GitHub\hipster-cow\Debug\link.6496-rc.write.1.tlog
C:\Users\vaio\Documents\GitHub\hipster-cow\Debug\link.6496.read.1.tlog
C:\Users\vaio\Documents\GitHub\hipster-cow\Debug\link.6496.write.1.tlog
C:\Users\vaio\Documents\GitHub\hipster-cow\Debug\link.676-cvtres.read.1.tlog
C:\Users\vaio\Documents\GitHub\hipster-cow\Debug\link.676-cvtres.write.1.tlog
C:\Users\vaio\Documents\GitHub\hipster-cow\Debug\link.676-rc.read.1.tlog
C:\Users\vaio\Documents\GitHub\hipster-cow\Debug\link.676-rc.write.1.tlog
C:\Users\vaio\Documents\GitHub\hipster-cow\Debug\link.676.read.1.tlog
C:\Users\vaio\Documents\GitHub\hipster-cow\Debug\link.676.write.1.tlog
C:\Users\vaio\Documents\GitHub\hipster-cow\Debug\link.8092-cvtres.read.1.tlog
C:\Users\vaio\Documents\GitHub\hipster-cow\Debug\link.8092-cvtres.write.1.tlog
C:\Users\vaio\Documents\GitHub\hipster-cow\Debug\link.8092-rc.read.1.tlog
C:\Users\vaio\Documents\GitHub\hipster-cow\Debug\link.8092-rc.write.1.tlog
C:\Users\vaio\Documents\GitHub\hipster-cow\Debug\link.8092.read.1.tlog
C:\Users\vaio\Documents\GitHub\hipster-cow\Debug\link.8092.write.1.tlog
C:\Users\vaio\Documents\GitHub\hipster-cow\Debug\link.8472-cvtres.read.1.tlog
C:\Users\vaio\Documents\GitHub\hipster-cow\Debug\link.8472-cvtres.write.1.tlog
C:\Users\vaio\Documents\GitHub\hipster-cow\Debug\link.8472-rc.read.1.tlog
C:\Users\vaio\Documents\GitHub\hipster-cow\Debug\link.8472-rc.write.1.tlog
C:\Users\vaio\Documents\GitHub\hipster-cow\Debug\link.8472.read.1.tlog
C:\Users\vaio\Documents\GitHub\hipster-cow\Debug\link.8472.write.1.tlog
C:\Users\vaio\Documents\GitHub\hipster-cow\Debug\link.9276-cvtres.read.1.tlog
C:\Users\vaio\Documents\GitHub\hipster-cow\Debug\link.9276-cvtres.write.1.tlog
C:\Users\vaio\Documents\GitHub\hipster-cow\Debug\link.9276-rc.read.1.tlog
C:\Users\vaio\Documents\GitHub\hipster-cow\Debug\link.9276-rc.write.1.tlog
C:\Users\vaio\Documents\GitHub\hipster-cow\Debug\link.9276.read.1.tlog
C:\Users\vaio\Documents\GitHub\hipster-cow\Debug\link.9276.write.1.tlog
C:\Users\vaio\Documents\GitHub\hipster-cow\Debug\link.9328-cvtres.read.1.tlog
C:\Users\vaio\Documents\GitHub\hipster-cow\Debug\link.9328-cvtres.write.1.tlog
C:\Users\vaio\Documents\GitHub\hipster-cow\Debug\link.9328-rc.read.1.tlog
C:\Users\vaio\Documents\GitHub\hipster-cow\Debug\link.9328-rc.write.1.tlog
C:\Users\vaio\Documents\GitHub\hipster-cow\Debug\link.9328.read.1.tlog
C:\Users\vaio\Documents\GitHub\hipster-cow\Debug\link.9328.write.1.tlog
C:\Users\vaio\Documents\GitHub\hipster-cow\Debug\link.9468-cvtres.read.1.tlog
C:\Users\vaio\Documents\GitHub\hipster-cow\Debug\link.9468-cvtres.write.1.tlog
C:\Users\vaio\Documents\GitHub\hipster-cow\Debug\link.9468-rc.read.1.tlog
C:\Users\vaio\Documents\GitHub\hipster-cow\Debug\link.9468-rc.write.1.tlog
C:\Users\vaio\Documents\GitHub\hipster-cow\Debug\link.9468.read.1.tlog
C:\Users\vaio\Documents\GitHub\hipster-cow\Debug\link.9468.write.1.tlog
C:\Users\vaio\Documents\GitHub\hipster-cow\Debug\link.command.1.tlog
C:\Users\vaio\Documents\GitHub\hipster-cow\Debug\link.read.1.tlog
C:\Users\vaio\Documents\GitHub\hipster-cow\Debug\link.write.1.tlog
C:\Users\vaio\Documents\GitHub\hipster-cow\Debug\vc110.idb
C:\Users\vaio\Documents\GitHub\hipster-cow\Debug\hipster-cow.pdb
C:\Users\vaio\Documents\GitHub\hipster-cow\Debug\vc110.pdb
C:\Users\vaio\Documents\GitHub\hipster-cow\Debug\hipster-cow.exe
