C:\USERS\VAIO\DOCUMENTS\GITHUB\HIPSTER-COW\X64\DEBUG\REFERENCE_STR_TREE.OBJ
C:\USERS\VAIO\DOCUMENTS\GITHUB\HIPSTER-COW\X64\DEBUG\HIPSTER-COW.OBJ
C:\USERS\VAIO\DOCUMENTS\GITHUB\HIPSTER-COW\X64\DEBUG\VC110.PDB
C:\USERS\VAIO\DOCUMENTS\GITHUB\HIPSTER-COW\X64\DEBUG\HIPSTER-COW.ILK
C:\USERS\VAIO\DOCUMENTS\GITHUB\HIPSTER-COW\X64\DEBUG\HIPSTER-COW.EXE
C:\USERS\VAIO\DOCUMENTS\GITHUB\HIPSTER-COW\X64\DEBUG\HIPSTER-COW.PDB
C:\Users\vaio\Documents\GitHub\hipster-cow\x64\Debug\hipster-cow.obj
C:\Users\vaio\Documents\GitHub\hipster-cow\x64\Debug\reference_STR_tree.obj
C:\Users\vaio\Documents\GitHub\hipster-cow\x64\Debug\hipster-cow.ilk
C:\Users\vaio\Documents\GitHub\hipster-cow\x64\Debug\cl.command.1.tlog
C:\Users\vaio\Documents\GitHub\hipster-cow\x64\Debug\CL.read.1.tlog
C:\Users\vaio\Documents\GitHub\hipster-cow\x64\Debug\CL.write.1.tlog
C:\Users\vaio\Documents\GitHub\hipster-cow\x64\Debug\link-cvtres.read.1.tlog
C:\Users\vaio\Documents\GitHub\hipster-cow\x64\Debug\link-cvtres.write.1.tlog
C:\Users\vaio\Documents\GitHub\hipster-cow\x64\Debug\link-rc.read.1.tlog
C:\Users\vaio\Documents\GitHub\hipster-cow\x64\Debug\link-rc.write.1.tlog
C:\Users\vaio\Documents\GitHub\hipster-cow\x64\Debug\link.101880-cvtres.read.1.tlog
C:\Users\vaio\Documents\GitHub\hipster-cow\x64\Debug\link.101880-cvtres.write.1.tlog
C:\Users\vaio\Documents\GitHub\hipster-cow\x64\Debug\link.101880-rc.read.1.tlog
C:\Users\vaio\Documents\GitHub\hipster-cow\x64\Debug\link.101880-rc.write.1.tlog
C:\Users\vaio\Documents\GitHub\hipster-cow\x64\Debug\link.101880.read.1.tlog
C:\Users\vaio\Documents\GitHub\hipster-cow\x64\Debug\link.101880.write.1.tlog
C:\Users\vaio\Documents\GitHub\hipster-cow\x64\Debug\link.13164-cvtres.read.1.tlog
C:\Users\vaio\Documents\GitHub\hipster-cow\x64\Debug\link.13164-cvtres.write.1.tlog
C:\Users\vaio\Documents\GitHub\hipster-cow\x64\Debug\link.13164-rc.read.1.tlog
C:\Users\vaio\Documents\GitHub\hipster-cow\x64\Debug\link.13164-rc.write.1.tlog
C:\Users\vaio\Documents\GitHub\hipster-cow\x64\Debug\link.13164.read.1.tlog
C:\Users\vaio\Documents\GitHub\hipster-cow\x64\Debug\link.13164.write.1.tlog
C:\Users\vaio\Documents\GitHub\hipster-cow\x64\Debug\link.13884-cvtres.read.1.tlog
C:\Users\vaio\Documents\GitHub\hipster-cow\x64\Debug\link.13884-cvtres.write.1.tlog
C:\Users\vaio\Documents\GitHub\hipster-cow\x64\Debug\link.13884-rc.read.1.tlog
C:\Users\vaio\Documents\GitHub\hipster-cow\x64\Debug\link.13884-rc.write.1.tlog
C:\Users\vaio\Documents\GitHub\hipster-cow\x64\Debug\link.13884.read.1.tlog
C:\Users\vaio\Documents\GitHub\hipster-cow\x64\Debug\link.13884.write.1.tlog
C:\Users\vaio\Documents\GitHub\hipster-cow\x64\Debug\link.1740-cvtres.read.1.tlog
C:\Users\vaio\Documents\GitHub\hipster-cow\x64\Debug\link.1740-cvtres.write.1.tlog
C:\Users\vaio\Documents\GitHub\hipster-cow\x64\Debug\link.1740-rc.read.1.tlog
C:\Users\vaio\Documents\GitHub\hipster-cow\x64\Debug\link.1740-rc.write.1.tlog
C:\Users\vaio\Documents\GitHub\hipster-cow\x64\Debug\link.1740.read.1.tlog
C:\Users\vaio\Documents\GitHub\hipster-cow\x64\Debug\link.1740.write.1.tlog
C:\Users\vaio\Documents\GitHub\hipster-cow\x64\Debug\link.18848-cvtres.read.1.tlog
C:\Users\vaio\Documents\GitHub\hipster-cow\x64\Debug\link.18848-cvtres.write.1.tlog
C:\Users\vaio\Documents\GitHub\hipster-cow\x64\Debug\link.18848-rc.read.1.tlog
C:\Users\vaio\Documents\GitHub\hipster-cow\x64\Debug\link.18848-rc.write.1.tlog
C:\Users\vaio\Documents\GitHub\hipster-cow\x64\Debug\link.18848.read.1.tlog
C:\Users\vaio\Documents\GitHub\hipster-cow\x64\Debug\link.18848.write.1.tlog
C:\Users\vaio\Documents\GitHub\hipster-cow\x64\Debug\link.19828-cvtres.read.1.tlog
C:\Users\vaio\Documents\GitHub\hipster-cow\x64\Debug\link.19828-cvtres.write.1.tlog
C:\Users\vaio\Documents\GitHub\hipster-cow\x64\Debug\link.19828-rc.read.1.tlog
C:\Users\vaio\Documents\GitHub\hipster-cow\x64\Debug\link.19828-rc.write.1.tlog
C:\Users\vaio\Documents\GitHub\hipster-cow\x64\Debug\link.19828.read.1.tlog
C:\Users\vaio\Documents\GitHub\hipster-cow\x64\Debug\link.19828.write.1.tlog
C:\Users\vaio\Documents\GitHub\hipster-cow\x64\Debug\link.20592-cvtres.read.1.tlog
C:\Users\vaio\Documents\GitHub\hipster-cow\x64\Debug\link.20592-cvtres.write.1.tlog
C:\Users\vaio\Documents\GitHub\hipster-cow\x64\Debug\link.20592-rc.read.1.tlog
C:\Users\vaio\Documents\GitHub\hipster-cow\x64\Debug\link.20592-rc.write.1.tlog
C:\Users\vaio\Documents\GitHub\hipster-cow\x64\Debug\link.20592.read.1.tlog
C:\Users\vaio\Documents\GitHub\hipster-cow\x64\Debug\link.20592.write.1.tlog
C:\Users\vaio\Documents\GitHub\hipster-cow\x64\Debug\link.20760-cvtres.read.1.tlog
C:\Users\vaio\Documents\GitHub\hipster-cow\x64\Debug\link.20760-cvtres.write.1.tlog
C:\Users\vaio\Documents\GitHub\hipster-cow\x64\Debug\link.20760-rc.read.1.tlog
C:\Users\vaio\Documents\GitHub\hipster-cow\x64\Debug\link.20760-rc.write.1.tlog
C:\Users\vaio\Documents\GitHub\hipster-cow\x64\Debug\link.20760.read.1.tlog
C:\Users\vaio\Documents\GitHub\hipster-cow\x64\Debug\link.20760.write.1.tlog
C:\Users\vaio\Documents\GitHub\hipster-cow\x64\Debug\link.22832-cvtres.read.1.tlog
C:\Users\vaio\Documents\GitHub\hipster-cow\x64\Debug\link.22832-cvtres.write.1.tlog
C:\Users\vaio\Documents\GitHub\hipster-cow\x64\Debug\link.22832-rc.read.1.tlog
C:\Users\vaio\Documents\GitHub\hipster-cow\x64\Debug\link.22832-rc.write.1.tlog
C:\Users\vaio\Documents\GitHub\hipster-cow\x64\Debug\link.22832.read.1.tlog
C:\Users\vaio\Documents\GitHub\hipster-cow\x64\Debug\link.22832.write.1.tlog
C:\Users\vaio\Documents\GitHub\hipster-cow\x64\Debug\link.30408-cvtres.read.1.tlog
C:\Users\vaio\Documents\GitHub\hipster-cow\x64\Debug\link.30408-cvtres.write.1.tlog
C:\Users\vaio\Documents\GitHub\hipster-cow\x64\Debug\link.30408-rc.read.1.tlog
C:\Users\vaio\Documents\GitHub\hipster-cow\x64\Debug\link.30408-rc.write.1.tlog
C:\Users\vaio\Documents\GitHub\hipster-cow\x64\Debug\link.30408.read.1.tlog
C:\Users\vaio\Documents\GitHub\hipster-cow\x64\Debug\link.30408.write.1.tlog
C:\Users\vaio\Documents\GitHub\hipster-cow\x64\Debug\link.3856-cvtres.read.1.tlog
C:\Users\vaio\Documents\GitHub\hipster-cow\x64\Debug\link.3856-cvtres.write.1.tlog
C:\Users\vaio\Documents\GitHub\hipster-cow\x64\Debug\link.3856-rc.read.1.tlog
C:\Users\vaio\Documents\GitHub\hipster-cow\x64\Debug\link.3856-rc.write.1.tlog
C:\Users\vaio\Documents\GitHub\hipster-cow\x64\Debug\link.3856.read.1.tlog
C:\Users\vaio\Documents\GitHub\hipster-cow\x64\Debug\link.3856.write.1.tlog
C:\Users\vaio\Documents\GitHub\hipster-cow\x64\Debug\link.53388-cvtres.read.1.tlog
C:\Users\vaio\Documents\GitHub\hipster-cow\x64\Debug\link.53388-cvtres.write.1.tlog
C:\Users\vaio\Documents\GitHub\hipster-cow\x64\Debug\link.53388-rc.read.1.tlog
C:\Users\vaio\Documents\GitHub\hipster-cow\x64\Debug\link.53388-rc.write.1.tlog
C:\Users\vaio\Documents\GitHub\hipster-cow\x64\Debug\link.53388.read.1.tlog
C:\Users\vaio\Documents\GitHub\hipster-cow\x64\Debug\link.53388.write.1.tlog
C:\Users\vaio\Documents\GitHub\hipster-cow\x64\Debug\link.596876-cvtres.read.1.tlog
C:\Users\vaio\Documents\GitHub\hipster-cow\x64\Debug\link.596876-cvtres.write.1.tlog
C:\Users\vaio\Documents\GitHub\hipster-cow\x64\Debug\link.596876-rc.read.1.tlog
C:\Users\vaio\Documents\GitHub\hipster-cow\x64\Debug\link.596876-rc.write.1.tlog
C:\Users\vaio\Documents\GitHub\hipster-cow\x64\Debug\link.596876.read.1.tlog
C:\Users\vaio\Documents\GitHub\hipster-cow\x64\Debug\link.596876.write.1.tlog
C:\Users\vaio\Documents\GitHub\hipster-cow\x64\Debug\link.60172-cvtres.read.1.tlog
C:\Users\vaio\Documents\GitHub\hipster-cow\x64\Debug\link.60172-cvtres.write.1.tlog
C:\Users\vaio\Documents\GitHub\hipster-cow\x64\Debug\link.60172-rc.read.1.tlog
C:\Users\vaio\Documents\GitHub\hipster-cow\x64\Debug\link.60172-rc.write.1.tlog
C:\Users\vaio\Documents\GitHub\hipster-cow\x64\Debug\link.60172.read.1.tlog
C:\Users\vaio\Documents\GitHub\hipster-cow\x64\Debug\link.60172.write.1.tlog
C:\Users\vaio\Documents\GitHub\hipster-cow\x64\Debug\link.65212-cvtres.read.1.tlog
C:\Users\vaio\Documents\GitHub\hipster-cow\x64\Debug\link.65212-cvtres.write.1.tlog
C:\Users\vaio\Documents\GitHub\hipster-cow\x64\Debug\link.65212-rc.read.1.tlog
C:\Users\vaio\Documents\GitHub\hipster-cow\x64\Debug\link.65212-rc.write.1.tlog
C:\Users\vaio\Documents\GitHub\hipster-cow\x64\Debug\link.65212.read.1.tlog
C:\Users\vaio\Documents\GitHub\hipster-cow\x64\Debug\link.65212.write.1.tlog
C:\Users\vaio\Documents\GitHub\hipster-cow\x64\Debug\link.68160-cvtres.read.1.tlog
C:\Users\vaio\Documents\GitHub\hipster-cow\x64\Debug\link.68160-cvtres.write.1.tlog
C:\Users\vaio\Documents\GitHub\hipster-cow\x64\Debug\link.68160-rc.read.1.tlog
C:\Users\vaio\Documents\GitHub\hipster-cow\x64\Debug\link.68160-rc.write.1.tlog
C:\Users\vaio\Documents\GitHub\hipster-cow\x64\Debug\link.68160.read.1.tlog
C:\Users\vaio\Documents\GitHub\hipster-cow\x64\Debug\link.68160.write.1.tlog
C:\Users\vaio\Documents\GitHub\hipster-cow\x64\Debug\link.81008-cvtres.read.1.tlog
C:\Users\vaio\Documents\GitHub\hipster-cow\x64\Debug\link.81008-cvtres.write.1.tlog
C:\Users\vaio\Documents\GitHub\hipster-cow\x64\Debug\link.81008-rc.read.1.tlog
C:\Users\vaio\Documents\GitHub\hipster-cow\x64\Debug\link.81008-rc.write.1.tlog
C:\Users\vaio\Documents\GitHub\hipster-cow\x64\Debug\link.81008.read.1.tlog
C:\Users\vaio\Documents\GitHub\hipster-cow\x64\Debug\link.81008.write.1.tlog
C:\Users\vaio\Documents\GitHub\hipster-cow\x64\Debug\link.command.1.tlog
C:\Users\vaio\Documents\GitHub\hipster-cow\x64\Debug\link.read.1.tlog
C:\Users\vaio\Documents\GitHub\hipster-cow\x64\Debug\link.write.1.tlog
C:\Users\vaio\Documents\GitHub\hipster-cow\x64\Debug\hipster-cow.pdb
C:\Users\vaio\Documents\GitHub\hipster-cow\x64\Debug\vc110.pdb
C:\Users\vaio\Documents\GitHub\hipster-cow\x64\Debug\hipster-cow.exe
